<?xml version="1.0" encoding="UTF-8"?>
<!-- Generated by org.testng.reporters.JUnitReportReporter -->
<testsuite hostname="DESKTOP-R9V6840" failures="1" tests="1" name="Stepdefinitions.testrunner" time="16.695" errors="0" timestamp="2024-08-12T19:13:12 IST" skipped="0">
  <testcase classname="Stepdefinitions.testrunner" name="runScenario" time="16.695">
    <failure message="valid login expected [https://www.facebook.com] but found [https://www.facebook.com/]" type="java.lang.AssertionError">
      <![CDATA[java.lang.AssertionError: valid login expected [https://www.facebook.com] but found [https://www.facebook.com/]
at org.testng.Assert.fail(Assert.java:110)
at org.testng.Assert.failNotEquals(Assert.java:1577)
at org.testng.Assert.assertEqualsImpl(Assert.java:149)
at org.testng.Assert.assertEquals(Assert.java:131)
at org.testng.Assert.assertEquals(Assert.java:655)
at Stepdefinitions.loginsteps.user_is_navigated_to_the_homepage(loginsteps.java:40)
at âœ½.user is navigated to the homepage(file:///C:/Users/mahit/eclipse-workspace/April24/src/test/resources/Features/login.feature:10)
]]>
    </failure>
  </testcase> <!-- runScenario -->
  <system-out/>
</testsuite> <!-- Stepdefinitions.testrunner -->
